0 1 43 36
0 1 20 100
0 1 76 36
0 1 13 100
0 1 11 78
0 2 13 100
0 2 11 100
0 2 46 100
0 2 45 100
0 3 53 100
0 3 59 36
0 3 64 100
0 3 30 100
0 3 78 100
0 3 38 64
0 4 51 36
0 4 52 100
0 4 83 100
0 4 29 100
0 4 12 100
0 4 49 36
0 4 82 100
0 4 23 28
0 5 47 100
0 5 62 36
0 5 63 100
0 5 52 100
0 5 67 100
0 5 66 36
0 5 79 100
0 5 41 100
0 5 17 100
0 5 84 100
0 5 4 100
0 5 61 36
0 5 18 100
0 5 5 100
0 5 54 36
0 5 69 100
0 5 19 100
0 5 6 100
0 5 38 100
0 5 78 100
0 5 9 100
0 5 37 100
0 5 28 100
0 5 34 100
0 5 86 100
0 5 36 72
0 5 10 100
0 5 53 100
0 5 33 100
0 5 80 100
0 5 58 100
0 5 57 36
0 5 64 100
0 5 11 100
0 5 13 100
0 5 45 100
0 5 44 36
0 5 55 36
0 5 56 100
0 5 46 100
0 5 42 100
0 5 14 100
0 5 81 30
0 5 48 36
0 5 71 100
0 5 7 100
0 5 65 100
0 6 7 100
0 6 56 100
0 6 9 100
0 6 53 100
0 6 13 100
0 6 14 100
0 7 4 100
0 7 17 50
0 8 29 100
0 8 83 100
0 8 12 100
0 8 16 50
0 9 5 100
0 9 19 100
0 10 78 100
0 10 6 100
0 10 9 100
0 10 41 50
0 11 58 100
0 11 33 100
0 11 69 100
0 11 5 100
0 11 84 100
0 11 4 100
0 11 80 100
0 11 63 100
0 12 9 100
0 12 13 100
0 12 5 100
0 12 33 100
0 12 10 100
0 13 42 100
0 13 14 100
0 13 33 100
0 13 7 100
0 13 34 50
0 14 14 100
0 14 7 100
0 14 33 50
0 15 37 100
0 15 28 100
0 15 27 90
0 15 33 10
0 16 33 100
0 16 5 50
0 17 65 100
0 17 12 100
0 17 29 100
0 17 31 100
0 17 83 100
0 18 33 100
0 18 85 100
0 19 83 100
0 19 23 100
0 19 82 100
0 20 7 100
0 20 12 100
0 20 31 100
0 21 85 100
0 21 75 36
0 21 77 64
0 22 85 100
0 22 77 100
0 22 73 36
0 22 31 100
0 22 24 64
0 23 7 100
0 23 65 100
0 24 85 100
0 24 77 100
0 25 31 100
0 25 85 100
0 25 77 100
0 25 12 100
0 26 31 100
0 26 72 36
0 26 16 100
0 26 77 100
0 26 50 36
0 26 2 100
0 26 22 28
0 27 16 100
0 27 2 100
0 27 39 100
0 27 1 100
0 27 26 100
0 27 68 100
0 27 8 100
0 28 2 100
0 28 26 100
0 28 21 100
0 28 1 50
0 29 65 100
0 29 29 100
0 30 65 100
0 30 29 100
0 5 12 0
0 5 31 0
0 5 49 0
0 5 16 50
0 5 72 0
0 5 29 0
0 5 77 36
0 5 75 0
0 5 50 0
0 5 26 0
0 5 68 50
0 5 2 300
0 5 21 400
0 5 83 100
0 5 39 40
0 5 22 72
0 5 85 0
0 5 27 0
0 5 3 200
0 5 1 650
0 5 8 600
0 5 60 36
0 5 15 376
