Optimal Cost = 121413323.45374417
Model Size = 15867
Run solver for  600 seconds



Lab: 0 	Type: 0 	Capacity = 2618 	Tested = 2718 	Samples overloaded = 100
Lab: 1 	Type: 0 	Capacity = 2428 	Tested = 2528 	Samples overloaded = 100
Lab: 2 	Type: 0 	Capacity = 716 	Tested = 816 	Samples overloaded = 100
Lab: 3 	Type: 0 	Capacity = 850 	Tested = 950 	Samples overloaded = 100
Lab: 4 	Type: 0 	Capacity = 1318 	Tested = 1418 	Samples overloaded = 100
Lab: 5 	Type: 0 	Capacity = 393 	Tested = 493 	Samples overloaded = 100
Lab: 6 	Type: 0 	Capacity = 2606 	Tested = 2706 	Samples overloaded = 100
Lab: 7 	Type: 0 	Capacity = 2356 	Tested = 2456 	Samples overloaded = 100
Lab: 8 	Type: 0 	Capacity = 1953 	Tested = 2053 	Samples overloaded = 100
Lab: 9 	Type: 0 	Capacity = 423 	Tested = 523 	Samples overloaded = 100
Lab: 10 	Type: 0 	Capacity = 1257 	Tested = 1357 	Samples overloaded = 100
Lab: 11 	Type: 1 	Capacity = 1663 	Tested = 1663 	Samples overloaded = 0
Lab: 12 	Type: 0 	Capacity = 1967 	Tested = 2067 	Samples overloaded = 100
Lab: 13 	Type: 0 	Capacity = 1691 	Tested = 1791 	Samples overloaded = 100
Lab: 14 	Type: 0 	Capacity = 3553 	Tested = 3653 	Samples overloaded = 100
Lab: 15 	Type: 0 	Capacity = 994 	Tested = 1094 	Samples overloaded = 100
Lab: 16 	Type: 0 	Capacity = 454 	Tested = 554 	Samples overloaded = 100
Lab: 17 	Type: 0 	Capacity = 728 	Tested = 828 	Samples overloaded = 100
Lab: 18 	Type: 0 	Capacity = 947 	Tested = 1047 	Samples overloaded = 100
Lab: 19 	Type: 0 	Capacity = 711 	Tested = 811 	Samples overloaded = 100
Lab: 20 	Type: 1 	Capacity = 2087 	Tested = 2087 	Samples overloaded = 0
Lab: 21 	Type: 1 	Capacity = 400 	Tested = 400 	Samples overloaded = 0
Lab: 22 	Type: 1 	Capacity = 2222 	Tested = 2322 	Samples overloaded = 100
Lab: 23 	Type: 1 	Capacity = 1897 	Tested = 1897 	Samples overloaded = 0
Lab: 24 	Type: 1 	Capacity = 1038 	Tested = 1038 	Samples overloaded = 0
Lab: 25 	Type: 1 	Capacity = 576 	Tested = 576 	Samples overloaded = 0
Lab: 26 	Type: 1 	Capacity = 443 	Tested = 543 	Samples overloaded = 100
Lab: 27 	Type: 1 	Capacity = 404 	Tested = 411 	Samples overloaded = 7
Lab: 28 	Type: 1 	Capacity = 1513 	Tested = 1513 	Samples overloaded = 0
Lab: 29 	Type: 1 	Capacity = 303 	Tested = 380 	Samples overloaded = 77
Lab: 30 	Type: 1 	Capacity = 1492 	Tested = 1492 	Samples overloaded = 0
Lab: 31 	Type: 1 	Capacity = 306 	Tested = 306 	Samples overloaded = 0
Lab: 32 	Type: 1 	Capacity = 3040 	Tested = 3069 	Samples overloaded = 29
Lab: 33 	Type: 1 	Capacity = 294 	Tested = 294 	Samples overloaded = 0
Lab: 34 	Type: 1 	Capacity = 675 	Tested = 675 	Samples overloaded = 0
Lab: 35 	Type: 1 	Capacity = 217 	Tested = 217 	Samples overloaded = 0
Lab: 36 	Type: 1 	Capacity = 425 	Tested = 425 	Samples overloaded = 0
Lab: 37 	Type: 1 	Capacity = 854 	Tested = 854 	Samples overloaded = 0
Lab: 38 	Type: 1 	Capacity = 572 	Tested = 572 	Samples overloaded = 0
Lab: 39 	Type: 1 	Capacity = 155 	Tested = 255 	Samples overloaded = 100
Lab: 40 	Type: 0 	Capacity = 939 	Tested = 1039 	Samples overloaded = 100
Lab: 41 	Type: 0 	Capacity = 892 	Tested = 992 	Samples overloaded = 100
Lab: 42 	Type: 0 	Capacity = 103 	Tested = 203 	Samples overloaded = 100
Lab: 43 	Type: 0 	Capacity = 155 	Tested = 236 	Samples overloaded = 81
Lab: 44 	Type: 0 	Capacity = 803 	Tested = 903 	Samples overloaded = 100
Lab: 45 	Type: 0 	Capacity = 593 	Tested = 658 	Samples overloaded = 65
Lab: 46 	Type: 1 	Capacity = 786 	Tested = 786 	Samples overloaded = 0
Lab: 47 	Type: 1 	Capacity = 112 	Tested = 112 	Samples overloaded = 0
Lab: 48 	Type: 1 	Capacity = 91 	Tested = 91 	Samples overloaded = 0
Lab: 49 	Type: 1 	Capacity = 58 	Tested = 138 	Samples overloaded = 80
Lab: 50 	Type: 0 	Capacity = 169 	Tested = 269 	Samples overloaded = 100
Lab: 51 	Type: 0 	Capacity = 900 	Tested = 1000 	Samples overloaded = 100
Lab: 52 	Type: 0 	Capacity = 838 	Tested = 938 	Samples overloaded = 100
Lab: 53 	Type: 0 	Capacity = 131 	Tested = 231 	Samples overloaded = 100
Lab: 54 	Type: 0 	Capacity = 172 	Tested = 272 	Samples overloaded = 100
Lab: 55 	Type: 0 	Capacity = 575 	Tested = 675 	Samples overloaded = 100
Lab: 56 	Type: 0 	Capacity = 56 	Tested = 156 	Samples overloaded = 100
Lab: 57 	Type: 0 	Capacity = 643 	Tested = 743 	Samples overloaded = 100
Lab: 58 	Type: 0 	Capacity = 140 	Tested = 240 	Samples overloaded = 100
Lab: 59 	Type: 0 	Capacity = 132 	Tested = 232 	Samples overloaded = 100
Lab: 60 	Type: 0 	Capacity = 111 	Tested = 211 	Samples overloaded = 100
Lab: 61 	Type: 0 	Capacity = 99 	Tested = 199 	Samples overloaded = 100
Lab: 62 	Type: 0 	Capacity = 580 	Tested = 680 	Samples overloaded = 100
Lab: 63 	Type: 0 	Capacity = 518 	Tested = 618 	Samples overloaded = 100
Lab: 64 	Type: 0 	Capacity = 1445 	Tested = 1545 	Samples overloaded = 100
Lab: 65 	Type: 0 	Capacity = 66 	Tested = 166 	Samples overloaded = 100
Lab: 66 	Type: 1 	Capacity = 1075 	Tested = 1175 	Samples overloaded = 100
Lab: 67 	Type: 0 	Capacity = 395 	Tested = 495 	Samples overloaded = 100
Lab: 68 	Type: 0 	Capacity = 983 	Tested = 1083 	Samples overloaded = 100
Lab: 69 	Type: 1 	Capacity = 420 	Tested = 520 	Samples overloaded = 100
Lab: 70 	Type: 1 	Capacity = 698 	Tested = 698 	Samples overloaded = 0
Lab: 71 	Type: 1 	Capacity = 60 	Tested = 60 	Samples overloaded = 0
Lab: 72 	Type: 1 	Capacity = 164 	Tested = 264 	Samples overloaded = 100
Lab: 73 	Type: 0 	Capacity = 150 	Tested = 250 	Samples overloaded = 100
Lab: 74 	Type: 1 	Capacity = 66 	Tested = 66 	Samples overloaded = 0
Lab: 75 	Type: 1 	Capacity = 73 	Tested = 73 	Samples overloaded = 0
Lab: 76 	Type: 1 	Capacity = 1910 	Tested = 1910 	Samples overloaded = 0
Lab: 77 	Type: 0 	Capacity = 1193 	Tested = 1293 	Samples overloaded = 100
Lab: 78 	Type: 1 	Capacity = 518 	Tested = 618 	Samples overloaded = 100
Lab: 79 	Type: 0 	Capacity = 704 	Tested = 804 	Samples overloaded = 100
Lab: 80 	Type: 1 	Capacity = 13 	Tested = 48 	Samples overloaded = 35
Lab: 81 	Type: 1 	Capacity = 1175 	Tested = 1175 	Samples overloaded = 0
Lab: 82 	Type: 1 	Capacity = 2378 	Tested = 2378 	Samples overloaded = 0
Lab: 83 	Type: 1 	Capacity = 665 	Tested = 765 	Samples overloaded = 100
Lab: 84 	Type: 1 	Capacity = 1135 	Tested = 1235 	Samples overloaded = 100
Lab: 85 	Type: 1 	Capacity = 568 	Tested = 568 	Samples overloaded = 0



District headquater 0 	 distributed 1139 	samples internally, out of 1139 in the following manner:
District 0 	 has sent 236 	 samples to lab 43
District 0 	 has sent 903 	 samples to lab 44

District headquater 1 	 distributed 2144 	samples internally, out of 2144 in the following manner:
District 1 	 has sent 992 	 samples to lab 13
District 1 	 has sent 992 	 samples to lab 41
District 1 	 has sent 112 	 samples to lab 47
District 1 	 has sent 48 	 samples to lab 80

District headquater 2 	 distributed 1710 	samples internally, out of 1710 in the following manner:
District 2 	 has sent 1710 	 samples to lab 8

District headquater 3 	 distributed 0 	samples internally, out of 2167 in the following manner:

District headquater 4 	 distributed 35457 	samples internally, out of 36307 in the following manner:
District 4 	 has sent 2718 	 samples to lab 0
District 4 	 has sent 2528 	 samples to lab 1
District 4 	 has sent 816 	 samples to lab 2
District 4 	 has sent 2456 	 samples to lab 7
District 4 	 has sent 1663 	 samples to lab 11
District 4 	 has sent 3653 	 samples to lab 14
District 4 	 has sent 1094 	 samples to lab 15
District 4 	 has sent 2087 	 samples to lab 20
District 4 	 has sent 400 	 samples to lab 21
District 4 	 has sent 2322 	 samples to lab 22
District 4 	 has sent 1897 	 samples to lab 23
District 4 	 has sent 1038 	 samples to lab 24
District 4 	 has sent 576 	 samples to lab 25
District 4 	 has sent 542 	 samples to lab 26
District 4 	 has sent 1488 	 samples to lab 28
District 4 	 has sent 1492 	 samples to lab 30
District 4 	 has sent 306 	 samples to lab 31
District 4 	 has sent 675 	 samples to lab 34
District 4 	 has sent 572 	 samples to lab 38
District 4 	 has sent 255 	 samples to lab 39
District 4 	 has sent 785 	 samples to lab 46
District 4 	 has sent 91 	 samples to lab 48
District 4 	 has sent 138 	 samples to lab 49
District 4 	 has sent 232 	 samples to lab 59
District 4 	 has sent 495 	 samples to lab 67
District 4 	 has sent 520 	 samples to lab 69
District 4 	 has sent 60 	 samples to lab 71
District 4 	 has sent 263 	 samples to lab 72
District 4 	 has sent 250 	 samples to lab 73
District 4 	 has sent 65 	 samples to lab 74
District 4 	 has sent 1360 	 samples to lab 76
District 4 	 has sent 1175 	 samples to lab 81
District 4 	 has sent 211 	 samples to lab 82
District 4 	 has sent 1234 	 samples to lab 84

District headquater 5 	 distributed 320 	samples internally, out of 545 in the following manner:
District 5 	 has sent 320 	 samples to lab 64

District headquater 6 	 distributed 564 	samples internally, out of 752 in the following manner:
District 6 	 has sent 353 	 samples to lab 17
District 6 	 has sent 211 	 samples to lab 60

District headquater 7 	 distributed 1269 	samples internally, out of 1294 in the following manner:
District 7 	 has sent 269 	 samples to lab 50
District 7 	 has sent 1000 	 samples to lab 51

District headquater 8 	 distributed 231 	samples internally, out of 1471 in the following manner:
District 8 	 has sent 231 	 samples to lab 53

District headquater 9 	 distributed 240 	samples internally, out of 1003 in the following manner:
District 9 	 has sent 240 	 samples to lab 58

District headquater 10 	 distributed 2438 	samples internally, out of 2438 in the following manner:
District 10 	 has sent 523 	 samples to lab 9
District 10 	 has sent 411 	 samples to lab 27
District 10 	 has sent 294 	 samples to lab 33
District 10 	 has sent 217 	 samples to lab 35
District 10 	 has sent 425 	 samples to lab 36
District 10 	 has sent 568 	 samples to lab 85

District headquater 11 	 distributed 711 	samples internally, out of 1415 in the following manner:
District 11 	 has sent 77 	 samples to lab 29
District 11 	 has sent 90 	 samples to lab 37
District 11 	 has sent 544 	 samples to lab 77

District headquater 12 	 distributed 1989 	samples internally, out of 1989 in the following manner:
District 12 	 has sent 100 	 samples to lab 10
District 12 	 has sent 1889 	 samples to lab 12

District headquater 13 	 distributed 779 	samples internally, out of 779 in the following manner:
District 13 	 has sent 779 	 samples to lab 19

District headquater 14 	 distributed 1418 	samples internally, out of 2363 in the following manner:
District 14 	 has sent 1418 	 samples to lab 4

District headquater 15 	 distributed 100 	samples internally, out of 862 in the following manner:
District 15 	 has sent 100 	 samples to lab 79

District headquater 16 	 distributed 246 	samples internally, out of 1471 in the following manner:
District 16 	 has sent 100 	 samples to lab 6
District 16 	 has sent 146 	 samples to lab 70

District headquater 17 	 distributed 138 	samples internally, out of 613 in the following manner:
District 17 	 has sent 138 	 samples to lab 68

District headquater 18 	 distributed 1109 	samples internally, out of 1109 in the following manner:
District 18 	 has sent 166 	 samples to lab 65
District 18 	 has sent 325 	 samples to lab 66
District 18 	 has sent 618 	 samples to lab 78

District headquater 19 	 distributed 938 	samples internally, out of 972 in the following manner:
District 19 	 has sent 938 	 samples to lab 52
BACKLOG at district 19 = 2 	 with demand =  972

District headquater 20 	 distributed 1203 	samples internally, out of 1859 in the following manner:
District 20 	 has sent 438 	 samples to lab 16
District 20 	 has sent 765 	 samples to lab 83

District headquater 21 	 distributed 878 	samples internally, out of 4036 in the following manner:
District 21 	 has sent 878 	 samples to lab 3

District headquater 22 	 distributed 537 	samples internally, out of 880 in the following manner:
District 22 	 has sent 537 	 samples to lab 63

District headquater 23 	 distributed 778 	samples internally, out of 778 in the following manner:
District 23 	 has sent 198 	 samples to lab 61
District 23 	 has sent 580 	 samples to lab 62

District headquater 24 	 distributed 300 	samples internally, out of 2668 in the following manner:
District 24 	 has sent 200 	 samples to lab 5
District 24 	 has sent 100 	 samples to lab 18

District headquater 25 	 distributed 1039 	samples internally, out of 2092 in the following manner:
District 25 	 has sent 1039 	 samples to lab 40

District headquater 26 	 distributed 1600 	samples internally, out of 1600 in the following manner:
District 26 	 has sent 701 	 samples to lab 32
District 26 	 has sent 156 	 samples to lab 56
District 26 	 has sent 743 	 samples to lab 57

District headquater 27 	 distributed 658 	samples internally, out of 1404 in the following manner:
District 27 	 has sent 658 	 samples to lab 45

District headquater 28 	 distributed 203 	samples internally, out of 1002 in the following manner:
District 28 	 has sent 203 	 samples to lab 42

District headquater 29 	 distributed 722 	samples internally, out of 803 in the following manner:
District 29 	 has sent 271 	 samples to lab 54
District 29 	 has sent 451 	 samples to lab 55




Disrict 3 	 has sent 2167 	 samples to centroid 458 	 with labs = [82] 	 with distance = 28.43795462555963
District 3 	 sent 2167 	 samples to lab 82

Disrict 4 	 has sent 850 	 samples to centroid 449 	 with labs = [66] 	 with distance = 61.976184325726216
District 4 	 sent 850 	 samples to lab 66

Disrict 5 	 has sent 225 	 samples to centroid 293 	 with labs = [54, 55] 	 with distance = 135.42318733161534
District 5 	 sent 1 	 samples to lab 54
District 5 	 sent 224 	 samples to lab 55

Disrict 6 	 has sent 188 	 samples to centroid 308 	 with labs = [3, 16] 	 with distance = 57.50249254691264
District 6 	 sent 72 	 samples to lab 3
District 6 	 sent 116 	 samples to lab 16

Disrict 7 	 has sent 25 	 samples to centroid 424 	 with labs = [28] 	 with distance = 41.30501867528621
District 7 	 sent 25 	 samples to lab 28

Disrict 8 	 has sent 1240 	 samples to centroid 303 	 with labs = [5, 18] 	 with distance = 71.92007805721717
District 8 	 sent 293 	 samples to lab 5
District 8 	 sent 947 	 samples to lab 18

Disrict 9 	 has sent 763 	 samples to centroid 433 	 with labs = [37] 	 with distance = 58.44599488992211
District 9 	 sent 763 	 samples to lab 37

Disrict 11 	 has sent 704 	 samples to centroid 318 	 with labs = [79] 	 with distance = 66.09322670884403
District 11 	 sent 704 	 samples to lab 79

Disrict 14 	 has sent 945 	 samples to centroid 321 	 with labs = [68] 	 with distance = 73.40658985046795
District 14 	 sent 945 	 samples to lab 68

Disrict 15 	 has sent 762 	 samples to centroid 409 	 with labs = [10] 	 with distance = 69.77388350714743
District 15 	 sent 762 	 samples to lab 10

Disrict 16 	 has sent 1225 	 samples to centroid 325 	 with labs = [64] 	 with distance = 97.16822087586498
District 16 	 sent 1225 	 samples to lab 64

Disrict 17 	 has sent 475 	 samples to centroid 415 	 with labs = [17] 	 with distance = 139.2727150639309
District 17 	 sent 475 	 samples to lab 17

Disrict 19 	 has sent 32 	 samples to centroid 322 	 with labs = [19] 	 with distance = 59.125056546948585
District 19 	 sent 32 	 samples to lab 19

Disrict 20 	 has sent 656 	 samples to centroid 396 	 with labs = [61, 62, 26, 46, 72, 74, 76, 84] 	 with distance = 71.72669564210325
District 20 	 sent 1 	 samples to lab 61
District 20 	 sent 100 	 samples to lab 62
District 20 	 sent 1 	 samples to lab 26
District 20 	 sent 1 	 samples to lab 46
District 20 	 sent 1 	 samples to lab 72
District 20 	 sent 1 	 samples to lab 74
District 20 	 sent 550 	 samples to lab 76
District 20 	 sent 1 	 samples to lab 84

Disrict 21 	 has sent 3158 	 samples to centroid 302 	 with labs = [6, 70] 	 with distance = 555.857344596778
District 21 	 sent 2606 	 samples to lab 6
District 21 	 sent 552 	 samples to lab 70

Disrict 22 	 has sent 343 	 samples to centroid 319 	 with labs = [8] 	 with distance = 125.8886254947117
District 22 	 sent 343 	 samples to lab 8

Disrict 24 	 has sent 2368 	 samples to centroid 428 	 with labs = [32] 	 with distance = 106.58572889183529
District 24 	 sent 2368 	 samples to lab 32

Disrict 25 	 has sent 1053 	 samples to centroid 276 	 with labs = [29, 37, 77] 	 with distance = 178.69775336419235
District 25 	 sent 303 	 samples to lab 29
District 25 	 sent 1 	 samples to lab 37
District 25 	 sent 749 	 samples to lab 77

Disrict 27 	 has sent 746 	 samples to centroid 282 	 with labs = [10, 12, 75] 	 with distance = 130.47074444759525
District 27 	 sent 495 	 samples to lab 10
District 27 	 sent 178 	 samples to lab 12
District 27 	 sent 73 	 samples to lab 75

Disrict 28 	 has sent 799 	 samples to centroid 412 	 with labs = [13] 	 with distance = 164.42465706885136
District 28 	 sent 799 	 samples to lab 13

Disrict 29 	 has sent 81 	 samples to centroid 326 	 with labs = [63] 	 with distance = 64.22134992112815
District 29 	 sent 81 	 samples to lab 63




At centroid 276 	 incoming = 1053 	 outgoing = 1053 	 capacity= 2350 	 whose labs = [29, 37, 77]
At centroid 282 	 incoming = 746 	 outgoing = 746 	 capacity= 3297 	 whose labs = [10, 12, 75]
At centroid 293 	 incoming = 225 	 outgoing = 225 	 capacity= 747 	 whose labs = [54, 55]
At centroid 302 	 incoming = 3158 	 outgoing = 3158 	 capacity= 3304 	 whose labs = [6, 70]
At centroid 303 	 incoming = 1240 	 outgoing = 1240 	 capacity= 1340 	 whose labs = [5, 18]
At centroid 308 	 incoming = 188 	 outgoing = 188 	 capacity= 1304 	 whose labs = [3, 16]
At centroid 318 	 incoming = 704 	 outgoing = 704 	 capacity= 704 	 whose labs = [79]
At centroid 319 	 incoming = 343 	 outgoing = 343 	 capacity= 1953 	 whose labs = [8]
At centroid 321 	 incoming = 945 	 outgoing = 945 	 capacity= 983 	 whose labs = [68]
At centroid 322 	 incoming = 32 	 outgoing = 32 	 capacity= 711 	 whose labs = [19]
At centroid 325 	 incoming = 1225 	 outgoing = 1225 	 capacity= 1445 	 whose labs = [64]
At centroid 326 	 incoming = 81 	 outgoing = 81 	 capacity= 518 	 whose labs = [63]
At centroid 396 	 incoming = 656 	 outgoing = 656 	 capacity= 5183 	 whose labs = [61, 62, 26, 46, 72, 74, 76, 84]
At centroid 409 	 incoming = 762 	 outgoing = 762 	 capacity= 1257 	 whose labs = [10]
At centroid 412 	 incoming = 799 	 outgoing = 799 	 capacity= 1691 	 whose labs = [13]
At centroid 415 	 incoming = 475 	 outgoing = 475 	 capacity= 728 	 whose labs = [17]
At centroid 424 	 incoming = 25 	 outgoing = 25 	 capacity= 1513 	 whose labs = [28]
At centroid 428 	 incoming = 2368 	 outgoing = 2368 	 capacity= 3040 	 whose labs = [32]
At centroid 433 	 incoming = 763 	 outgoing = 763 	 capacity= 854 	 whose labs = [37]
At centroid 449 	 incoming = 850 	 outgoing = 850 	 capacity= 1075 	 whose labs = [66]
At centroid 458 	 incoming = 2167 	 outgoing = 2167 	 capacity= 2378 	 whose labs = [82]
